<?xml version="1.0" encoding="utf-8"?><testsuites name="pytest tests"><testsuite name="pytest" errors="0" failures="0" skipped="0" tests="101" time="30.068" timestamp="2026-09-22T15:57:18.913350+00:00" hostname="66199265e481"><properties><property name="hypothesis-statistics-tests/test_assignment.py::test_assignment_is_deterministic" value="dGVzdHMvdGVzdF9hc3NpZ25tZW50LnB5Ojp0ZXN0X2Fzc2lnbm1lbnRfaXNfZGV0ZXJtaW5pc3RpYzoKCiAgLSBkdXJpbmcgZ2VuZXJhdGUgcGhhc2UgKDAuMDYgc2Vjb25kcyk6CiAgICAtIFR5cGljYWwgcnVudGltZXM6IDwgMW1zLCBvZiB3aGljaCA8IDFtcyBpbiBkYXRhIGdlbmVyYXRpb24KICAgIC0gMTAwIHBhc3NpbmcsIDAgZmFpbGluZywgYW5kIDAgaW52YWxpZCB0ZXN0IGNhc2VzCgogIC0gU3RvcHBlZCBiZWNhdXNlIHNldHRpbmdzLm1heF9leGFtcGxlcz0xMDA=" /><property name="hypothesis-statistics-tests/test_stats.py::test_every_interval_contains_estimate_and_p_is_a_probability" value="dGVzdHMvdGVzdF9zdGF0cy5weTo6dGVzdF9ldmVyeV9pbnRlcnZhbF9jb250YWluc19lc3RpbWF0ZV9hbmRfcF9pc19hX3Byb2JhYmlsaXR5OgoKICAtIGR1cmluZyBnZW5lcmF0ZSBwaGFzZSAoMC4wOSBzZWNvbmRzKToKICAgIC0gVHlwaWNhbCBydW50aW1lczogfiAwLTIgbXMsIG9mIHdoaWNoIH4gMC0xIG1zIGluIGRhdGEgZ2VuZXJhdGlvbgogICAgLSA1MCBwYXNzaW5nLCAwIGZhaWxpbmcsIGFuZCA0IGludmFsaWQgdGVzdCBjYXNlcwoKICAtIFN0b3BwZWQgYmVjYXVzZSBzZXR0aW5ncy5tYXhfZXhhbXBsZXM9NTA=" /><property name="hypothesis-statistics-tests/test_stats.py::test_sample_size_monotone" value="dGVzdHMvdGVzdF9zdGF0cy5weTo6dGVzdF9zYW1wbGVfc2l6ZV9tb25vdG9uZToKCiAgLSBkdXJpbmcgZ2VuZXJhdGUgcGhhc2UgKDAuMjAgc2Vjb25kcyk6CiAgICAtIFR5cGljYWwgcnVudGltZXM6IDwgMW1zLCBvZiB3aGljaCA8IDFtcyBpbiBkYXRhIGdlbmVyYXRpb24KICAgIC0gMTAwIHBhc3NpbmcsIDAgZmFpbGluZywgYW5kIDAgaW52YWxpZCB0ZXN0IGNhc2VzCgogIC0gU3RvcHBlZCBiZWNhdXNlIHNldHRpbmdzLm1heF9leGFtcGxlcz0xMDA=" /></properties><testcase classname="tests.test_api_inference_contracts" name="test_health_fingerprint_covers_outcomes_covariates_and_design" time="0.087" /><testcase classname="tests.test_api_inference_contracts" name="test_missing_guardrail_blocks_but_missing_secondary_is_explicitly_unavailable" time="0.080" /><testcase classname="tests.test_api_inference_contracts" name="test_missing_ratio_denominator_is_a_health_failure" time="0.046" /><testcase classname="tests.test_api_inference_contracts" name="test_provisional_ship_cannot_be_finalized" time="0.499" /><testcase classname="tests.test_api_inference_contracts" name="test_unequal_allocation_controls_projection_extension_and_horizon" time="0.018" /><testcase classname="tests.test_api_persistence" name="test_persistence_is_committed" time="0.360" /><testcase classname="tests.test_api_persistence" name="test_health_is_committed_before_engine_runs" time="0.292" /><testcase classname="tests.test_api_persistence" name="test_experiment_isolation" time="0.347" /><testcase classname="tests.test_api_persistence" name="test_registration_freezes_hash_and_records_deviation" time="0.256" /><testcase classname="tests.test_api_persistence" name="test_draft_lifecycle_and_validation" time="0.323" /><testcase classname="tests.test_api_persistence" name="test_assignment_preview_and_audit" time="0.293" /><testcase classname="tests.test_api_persistence" name="test_import_invariants_and_evidence" time="0.287" /><testcase classname="tests.test_api_persistence" name="test_csv_rejects_invalid_data[]" time="0.001" /><testcase classname="tests.test_api_persistence" name="test_csv_rejects_invalid_data[wrong,columns\na,b\n]" time="0.001" /><testcase classname="tests.test_api_persistence" name="test_csv_rejects_invalid_data[unit_id,variant\na,control\n]" time="0.001" /><testcase classname="tests.test_api_persistence" name="test_csv_rejects_invalid_data[unit_id,variant,value\n]" time="0.001" /><testcase classname="tests.test_api_persistence" name="test_csv_rejects_invalid_data[unit_id,variant,value\na,wrong,1\n]" time="0.001" /><testcase classname="tests.test_api_persistence" name="test_csv_rejects_invalid_data[unit_id,variant,value,exposed\na,control,1,maybe\n]" time="0.000" /><testcase classname="tests.test_api_persistence" name="test_csv_upload_to_existing_experiment" time="0.483" /><testcase classname="tests.test_api_persistence" name="test_cloud_refuses_default_token" time="0.027" /><testcase classname="tests.test_api_persistence" name="test_upload_readout_decision_and_power_end_to_end" time="0.652" /><testcase classname="tests.test_api_persistence" name="test_registered_integrity_and_assignment_conflict" time="0.246" /><testcase classname="tests.test_api_persistence" name="test_binary_csv_upload_has_valid_retrospective_planning[outcomes0]" time="0.408" /><testcase classname="tests.test_api_persistence" name="test_binary_csv_upload_has_valid_retrospective_planning[outcomes1]" time="0.414" /><testcase classname="tests.test_api_persistence" name="test_binary_csv_upload_has_valid_retrospective_planning[outcomes2]" time="0.461" /><testcase classname="tests.test_api_persistence" name="test_persistence_outside_test_process" time="3.236" /><testcase classname="tests.test_api_persistence" name="test_postgres_persistence_is_committed" time="3.865" /><testcase classname="tests.test_api_startup" name="test_startup_restores_absent_default_and_never_overwrites" time="0.330" /><testcase classname="tests.test_api_startup" name="test_startup_leaves_custom_sqlite_and_postgres_untouched" time="0.002" /><testcase classname="tests.test_api_startup" name="test_startup_missing_snapshot_leaves_no_empty_demo_database" time="0.002" /><testcase classname="tests.test_api_startup" name="test_explicit_seed_preserves_records_and_refuses_nonempty_target" time="0.552" /><testcase classname="tests.test_api_startup" name="test_explicit_seed_refuses_unrelated_target_schema" time="0.025" /><testcase classname="tests.test_api_startup" name="test_explicit_postgres_seed_preserves_canonical_analysis" time="4.488" /><testcase classname="tests.test_assignment" name="test_assignment_is_deterministic" time="0.111" /><testcase classname="tests.test_assignment" name="test_assignment_is_uniform" time="0.342" /><testcase classname="tests.test_assignment" name="test_salt_decorrelates_experiments" time="0.069" /><testcase classname="tests.test_assignment" name="test_ramp_is_stable" time="0.038" /><testcase classname="tests.test_assignment" name="test_assignment_is_deterministic_across_processes" time="0.571" /><testcase classname="tests.test_calibration" name="test_sequential_false_positives_with_monte_carlo_tolerance" time="2.676" /><testcase classname="tests.test_calibration" name="test_empirical_power_at_planned_sample" time="0.000" /><testcase classname="tests.test_calibration" name="test_cuped_recovers_truth_and_rho_squared" time="0.000" /><testcase classname="tests.test_calibration" name="test_delta_coverage_with_binomial_uncertainty" time="0.000" /><testcase classname="tests.test_calibration" name="test_srm_dropout_sensitivity" time="0.000" /><testcase classname="tests.test_calibration" name="test_exposure_dilution" time="0.000" /><testcase classname="tests.test_calibration" name="test_binomial_interval_refuses_empty" time="0.001" /><testcase classname="tests.test_core_contracts" name="test_strict_contract_rejects_unknown_and_nonfinite_values" time="0.001" /><testcase classname="tests.test_core_contracts" name="test_design_rejects_incoherent_registration[updates0]" time="0.001" /><testcase classname="tests.test_core_contracts" name="test_design_rejects_incoherent_registration[updates1]" time="0.000" /><testcase classname="tests.test_core_contracts" name="test_design_rejects_incoherent_registration[updates2]" time="0.000" /><testcase classname="tests.test_core_contracts" name="test_design_rejects_incoherent_registration[updates3]" time="0.000" /><testcase classname="tests.test_core_contracts" name="test_design_rejects_incoherent_registration[updates4]" time="0.000" /><testcase classname="tests.test_core_contracts" name="test_design_rejects_incoherent_registration[updates5]" time="0.000" /><testcase classname="tests.test_core_contracts" name="test_normalized_rows_and_metric_policies" time="0.000" /><testcase classname="tests.test_core_contracts" name="test_canonical_hash_and_logging_redaction" time="0.000" /><testcase classname="tests.test_render" name="test_renderer_clean_pass" time="0.065" /><testcase classname="tests.test_render" name="test_renderer_refuses_metrics_without_health" time="0.001" /><testcase classname="tests.test_render" name="test_renderer_refuses_empty" time="0.001" /><testcase classname="tests.test_render" name="test_blocked_readout_has_health_but_no_metrics" time="0.061" /><testcase classname="tests.test_render" name="test_renderer_rejects_cross_run_health" time="0.001" /><testcase classname="tests.test_render" name="test_html_escapes_uploaded_names" time="0.064" /><testcase classname="tests.test_render" name="test_claim_gate_pass_and_deliberate_violation" time="0.231" /><testcase classname="tests.test_render" name="test_claim_gate_refuses_nothing" time="0.001" /><testcase classname="tests.test_render" name="test_punctuation_gate_pass_violation_and_nothing" time="0.002" /><testcase classname="tests.test_render" name="test_renderer_refuses_forbidden_punctuation" time="0.056" /><testcase classname="tests.test_render" name="test_renderer_preserves_fdr_and_raw_sensitivity" time="0.063" /><testcase classname="tests.test_render" name="test_claim_gate_checks_stored_readout_digest" time="0.292" /><testcase classname="tests.test_sim" name="test_seeded_scenarios_are_reproducible[null]" time="0.003" /><testcase classname="tests.test_sim" name="test_seeded_scenarios_are_reproducible[at_mde]" time="0.002" /><testcase classname="tests.test_sim" name="test_seeded_scenarios_are_reproducible[srm_dropout]" time="0.002" /><testcase classname="tests.test_sim" name="test_seeded_scenarios_are_reproducible[guardrail_hit]" time="0.003" /><testcase classname="tests.test_sim" name="test_seeded_scenarios_are_reproducible[correlated_pre]" time="0.002" /><testcase classname="tests.test_sim" name="test_seeded_scenarios_are_reproducible[ratio_metric]" time="0.001" /><testcase classname="tests.test_sim" name="test_seeded_scenarios_are_reproducible[heterogeneous]" time="0.002" /><testcase classname="tests.test_sim" name="test_simulation_rejects_unknown_scenario_and_bad_probability" time="0.000" /><testcase classname="tests.test_stats" name="test_srm_gate_clean_pass" time="0.065" /><testcase classname="tests.test_stats" name="test_srm_gate_deliberate_violation_names_short_arm" time="0.248" /><testcase classname="tests.test_stats" name="test_srm_gate_refuses_nothing" time="0.001" /><testcase classname="tests.test_stats" name="test_engine_refuses_missing_or_stale_health" time="0.024" /><testcase classname="tests.test_stats" name="test_health_validates_units_and_reports_missingness" time="0.046" /><testcase classname="tests.test_stats" name="test_proportions_crosscheck_statsmodels" time="0.001" /><testcase classname="tests.test_stats" name="test_welch_crosscheck_statsmodels" time="0.002" /><testcase classname="tests.test_stats" name="test_projected_power_uses_both_achieved_arm_counts" time="0.018" /><testcase classname="tests.test_stats" name="test_every_interval_contains_estimate_and_p_is_a_probability" time="0.098" /><testcase classname="tests.test_stats" name="test_fixed_input_edge_cases" time="0.001" /><testcase classname="tests.test_stats" name="test_fdr_crosscheck_statsmodels" time="0.001" /><testcase classname="tests.test_stats" name="test_cityflow_port_excludes_unavailable_tests_and_preserves_boundary" time="0.000" /><testcase classname="tests.test_stats" name="test_reproduces_pricepoint_power" time="0.010" /><testcase classname="tests.test_stats" name="test_sample_size_monotone" time="0.222" /><testcase classname="tests.test_stats" name="test_power_calculator_allocation_and_inverse" time="0.004" /><testcase classname="tests.test_stats" name="test_cuped_zero_covariance_returns_unadjusted" time="0.001" /><testcase classname="tests.test_stats" name="test_delta_preserves_unit_correlation_and_rejects_bad_denominator" time="0.001" /><testcase classname="tests.test_stats" name="test_sequential_running_minimum_and_algebra" time="0.001" /><testcase classname="tests.test_stats" name="test_guardrails_direction_and_noninferiority" time="0.001" /><testcase classname="tests.test_stats" name="test_decision_rule_branches[interval0-guardrails_list0-ship]" time="0.001" /><testcase classname="tests.test_stats" name="test_decision_rule_branches[interval1-guardrails_list1-no_ship]" time="0.001" /><testcase classname="tests.test_stats" name="test_decision_rule_branches[interval2-guardrails_list2-extend]" time="0.001" /><testcase classname="tests.test_stats" name="test_decision_rule_branches[interval3-guardrails_list3-no_ship]" time="0.001" /><testcase classname="tests.test_stats" name="test_guardrail_hit_overrides_primary_ship" time="0.183" /><testcase classname="tests.test_stats" name="test_lower_is_better_decision_and_missing_primary" time="0.001" /><testcase classname="tests.test_stats" name="test_outlier_policy_recorded_and_no_preperiod_or_time_is_honest" time="0.063" /><testcase classname="tests.test_stats" name="test_srm_thresholds_match_chisquare" time="0.001" /></testsuite></testsuites>